{
  message: 'Connected to database successfully',
  level: 'info',
  timestamp: '2022-10-22T06:01:05.659Z'
}
{
  message: 'Connected to database successfully',
  level: 'info',
  timestamp: '2022-10-22T06:48:12.864Z'
}
{
  message: 'Connected to database successfully',
  level: 'info',
  timestamp: '2022-10-22T06:48:43.205Z'
}
{
  message: 'Connected to database successfully',
  level: 'info',
  timestamp: '2022-10-22T09:26:40.542Z'
}
{
  message: 'Connected to database successfully',
  level: 'info',
  timestamp: '2022-10-22T09:27:42.197Z'
}
{
  message: 'Connected to database successfully',
  level: 'info',
  timestamp: '2022-10-22T09:28:48.290Z'
}
{
  message: 'Connected to database successfully',
  level: 'info',
  timestamp: '2022-10-22T09:29:41.277Z'
}
{
  message: 'Connected to database successfully',
  level: 'info',
  timestamp: '2022-10-22T09:39:02.340Z'
}
{
  message: 'Connected to database successfully',
  level: 'info',
  timestamp: '2022-10-22T11:39:17.520Z'
}
{
  message: 'Connected to database successfully',
  level: 'info',
  timestamp: '2022-10-22T11:48:39.301Z'
}
{
  message: 'Connected to database successfully',
  level: 'info',
  timestamp: '2022-10-22T13:19:54.750Z'
}
