{
  message: 'Connected to database successfully',
  level: 'info',
  timestamp: '2022-10-11T06:00:34.448Z'
}
{
  message: 'Connected to database successfully',
  level: 'info',
  timestamp: '2022-10-11T06:28:53.234Z'
}
{
  message: 'Connected to database successfully',
  level: 'info',
  timestamp: '2022-10-11T07:52:52.568Z'
}
{
  message: 'Connected to database successfully',
  level: 'info',
  timestamp: '2022-10-11T12:21:07.626Z'
}
{
  message: 'Connected to database successfully',
  level: 'info',
  timestamp: '2022-10-11T12:27:01.406Z'
}
{
  message: 'Connected to database successfully',
  level: 'info',
  timestamp: '2022-10-11T12:27:44.163Z'
}
{
  message: 'Connected to database successfully',
  level: 'info',
  timestamp: '2022-10-11T12:52:52.482Z'
}
{
  message: 'Connected to database successfully',
  level: 'info',
  timestamp: '2022-10-11T12:53:10.008Z'
}
