{
  message: 'Error connecting to MongoDB: MongooseError: The `uri` parameter to `openUri()` must be a string, got "undefined". Make sure the first parameter to `mongoose.connect()` or `mongoose.createConnection()` is a string.',
  level: 'error',
  timestamp: '2022-08-20T06:02:18.745Z'
}
{
  message: 'Connected to database successfully',
  level: 'info',
  timestamp: '2022-08-20T06:04:46.890Z'
}
{
  message: 'Connected to database successfully',
  level: 'info',
  timestamp: '2022-08-20T06:09:07.378Z'
}
{
  message: 'Connected to database successfully',
  level: 'info',
  timestamp: '2022-08-20T06:14:06.280Z'
}
{
  message: 'Connected to database successfully',
  level: 'info',
  timestamp: '2022-08-20T06:14:46.972Z'
}
{
  message: 'Connected to database successfully',
  level: 'info',
  timestamp: '2022-08-20T06:15:15.511Z'
}
{
  message: 'Connected to database successfully',
  level: 'info',
  timestamp: '2022-08-20T06:15:32.614Z'
}
{
  message: 'Connected to database successfully',
  level: 'info',
  timestamp: '2022-08-20T06:16:04.044Z'
}
{
  message: 'Connected to database successfully',
  level: 'info',
  timestamp: '2022-08-20T06:16:33.745Z'
}
{
  message: 'Connected to database successfully',
  level: 'info',
  timestamp: '2022-08-20T06:29:54.797Z'
}
{
  message: 'Connected to database successfully',
  level: 'info',
  timestamp: '2022-08-20T06:31:09.611Z'
}
{
  message: 'Connected to database successfully',
  level: 'info',
  timestamp: '2022-08-20T06:57:09.028Z'
}
{
  message: 'Connected to database successfully',
  level: 'info',
  timestamp: '2022-08-20T06:57:26.558Z'
}
{
  message: 'Connected to database successfully',
  level: 'info',
  timestamp: '2022-08-20T06:57:40.010Z'
}
{
  message: 'Connected to database successfully',
  level: 'info',
  timestamp: '2022-08-20T06:58:01.681Z'
}
{
  message: 'Connected to database successfully',
  level: 'info',
  timestamp: '2022-08-20T06:59:27.774Z'
}
{
  message: 'Connected to database successfully',
  level: 'info',
  timestamp: '2022-08-20T08:10:49.759Z'
}
{
  message: 'Connected to database successfully',
  level: 'info',
  timestamp: '2022-08-20T08:11:18.628Z'
}
{
  message: 'Connected to database successfully',
  level: 'info',
  timestamp: '2022-08-20T08:58:23.949Z'
}
