{
  message: 'Connected to database successfully',
  level: 'info',
  timestamp: '2022-09-12T11:15:23.438Z'
}
{
  message: 'Connected to database successfully',
  level: 'info',
  timestamp: '2022-09-12T12:27:08.439Z'
}
{
  message: 'Connected to database successfully',
  level: 'info',
  timestamp: '2022-09-12T14:47:54.839Z'
}
{
  message: 'Connected to database successfully',
  level: 'info',
  timestamp: '2022-09-12T15:03:47.663Z'
}
{
  message: 'Connected to database successfully',
  level: 'info',
  timestamp: '2022-09-12T16:41:37.946Z'
}
{
  message: 'Connected to database successfully',
  level: 'info',
  timestamp: '2022-09-12T19:23:35.375Z'
}
