{
  message: 'Connected to database successfully',
  level: 'info',
  timestamp: '2022-08-22T13:23:48.772Z'
}
{
  message: 'Connected to database successfully',
  level: 'info',
  timestamp: '2022-08-22T13:39:39.872Z'
}
{
  message: 'Connected to database successfully',
  level: 'info',
  timestamp: '2022-08-22T13:49:43.354Z'
}
{
  message: 'Connected to database successfully',
  level: 'info',
  timestamp: '2022-08-22T15:44:03.276Z'
}
{
  message: 'Connected to database successfully',
  level: 'info',
  timestamp: '2022-08-22T19:44:02.292Z'
}
{
  message: 'Connected to database successfully',
  level: 'info',
  timestamp: '2022-08-22T22:10:26.099Z'
}
