{
  message: 'Error: Post validation failed: img: Cast to string failed for value "{}" (type Object) at path "img" | Stack: ValidationError: Post validation failed: img: Cast to string failed for value "{}" (type Object) at path "img"\n' +
    '    at model.Document.invalidate (D:\\spm-backend\\node_modules\\mongoose\\lib\\document.js:3051:32)\n' +
    '    at model.$set (D:\\spm-backend\\node_modules\\mongoose\\lib\\document.js:1406:12)\n' +
    '    at model.$set (D:\\spm-backend\\node_modules\\mongoose\\lib\\document.js:1089:16)\n' +
    '    at model.Document (D:\\spm-backend\\node_modules\\mongoose\\lib\\document.js:166:12)\n' +
    '    at model.Model (D:\\spm-backend\\node_modules\\mongoose\\lib\\model.js:119:12)\n' +
    '    at new model (D:\\spm-backend\\node_modules\\mongoose\\lib\\model.js:4926:15)\n' +
    '    at _callee$ (D:\\spm-backend\\src\\repository\\/post.js:5:22)\n' +
    '    at tryCatch (D:\\spm-backend\\src\\repository\\post.js:16:2404)\n' +
    '    at Generator._invoke (D:\\spm-backend\\src\\repository\\post.js:16:1964)\n' +
    '    at Generator.next (D:\\spm-backend\\src\\repository\\post.js:16:3255)',
  level: 'error',
  timestamp: '2022-10-20T04:08:32.102Z'
}
{
  message: 'Error: Post validation failed: img: Cast to string failed for value "{}" (type Object) at path "img" | Stack: ValidationError: Post validation failed: img: Cast to string failed for value "{}" (type Object) at path "img"\n' +
    '    at model.Document.invalidate (D:\\spm-backend\\node_modules\\mongoose\\lib\\document.js:3051:32)\n' +
    '    at model.$set (D:\\spm-backend\\node_modules\\mongoose\\lib\\document.js:1406:12)\n' +
    '    at model.$set (D:\\spm-backend\\node_modules\\mongoose\\lib\\document.js:1089:16)\n' +
    '    at model.Document (D:\\spm-backend\\node_modules\\mongoose\\lib\\document.js:166:12)\n' +
    '    at model.Model (D:\\spm-backend\\node_modules\\mongoose\\lib\\model.js:119:12)\n' +
    '    at new model (D:\\spm-backend\\node_modules\\mongoose\\lib\\model.js:4926:15)\n' +
    '    at _callee$ (D:\\spm-backend\\src\\repository\\/post.js:5:22)\n' +
    '    at tryCatch (D:\\spm-backend\\src\\repository\\post.js:16:2404)\n' +
    '    at Generator._invoke (D:\\spm-backend\\src\\repository\\post.js:16:1964)\n' +
    '    at Generator.next (D:\\spm-backend\\src\\repository\\post.js:16:3255)',
  level: 'error',
  timestamp: '2022-10-20T04:16:15.985Z'
}
